<?xml version="1.0" encoding="UTF-8"?>
<robot generator="Robot 7.3.2 (Python 3.13.9 on win32)" generated="2026-01-02T03:10:55.404594" rpa="false" schemaversion="5">
<suite id="s1" name="1 OpenRegistrationPage" source="C:\Users\saran\Documents\KKU\3-2\Software Engineering\Lab4RobotFramework\Lab4\uat01\2RegisterSuccessNoOrganizationInfo\No1\1_OpenRegistrationPage.robot">
<test id="s1-t1" name="Open Workshop Registration Page" line="13">
<kw name="Open Browser" owner="SeleniumLibrary">
<msg time="2026-01-02T03:10:55.646141" level="INFO">Opening browser 'chrome' to base url 'http://localhost:7272/Registration.html'.</msg>
<arg>${REGISTRATION URL}</arg>
<arg>${BROWSER}</arg>
<doc>Opens a new browser instance to the optional ``url``.</doc>
<status status="PASS" start="2026-01-02T03:10:55.645877" elapsed="1.534555"/>
</kw>
<kw name="Set Selenium Speed" owner="SeleniumLibrary">
<arg>${DELAY}</arg>
<doc>Sets the delay that is waited after each Selenium command.</doc>
<status status="PASS" start="2026-01-02T03:10:57.181025" elapsed="0.000503"/>
</kw>
<status status="PASS" start="2026-01-02T03:10:55.644927" elapsed="1.536979"/>
</test>
<test id="s1-t2" name="Registration Page Should Be Open" line="17">
<kw name="Location Should Be" owner="SeleniumLibrary">
<msg time="2026-01-02T03:10:57.188205" level="INFO">Current location is 'http://localhost:7272/Registration.html'.</msg>
<arg>${REGISTRATION URL}</arg>
<doc>Verifies that the current URL is exactly ``url``.</doc>
<status status="PASS" start="2026-01-02T03:10:57.183606" elapsed="0.004709"/>
</kw>
<kw name="Title Should Be" owner="SeleniumLibrary">
<msg time="2026-01-02T03:10:57.192316" level="INFO">Page title is 'Registration'.</msg>
<arg>Registration</arg>
<doc>Verifies that the current page title equals ``title``.</doc>
<status status="PASS" start="2026-01-02T03:10:57.188622" elapsed="0.003783"/>
</kw>
<status status="PASS" start="2026-01-02T03:10:57.183143" elapsed="0.010417"/>
</test>
<status status="PASS" start="2026-01-02T03:10:55.405868" elapsed="1.789341"/>
</suite>
<statistics>
<total>
<stat pass="2" fail="0" skip="0">All Tests</stat>
</total>
<tag>
</tag>
<suite>
<stat name="1 OpenRegistrationPage" id="s1" pass="2" fail="0" skip="0">1 OpenRegistrationPage</stat>
</suite>
</statistics>
<errors>
</errors>
</robot>
