<?xml version="1.0" encoding="UTF-8"?>
<robot generator="Robot 7.3.2 (Python 3.13.9 on win32)" generated="2026-01-02T03:14:35.802174" rpa="false" schemaversion="5">
<suite id="s1" name="2 EmptyFirstName" source="C:\Users\saran\Documents\KKU\3-2\Software Engineering\Lab4RobotFramework\Lab4\uat02\1EmptyFirstName\No2\2_EmptyFirstName.robot">
<test id="s1-t1" name="Open Workshop Registration Page" line="14">
<kw name="Open Browser" owner="SeleniumLibrary">
<msg time="2026-01-02T03:14:36.083137" level="INFO">Opening browser 'chrome' to base url 'http://localhost:7272/Registration.html'.</msg>
<arg>${REGISTRATION_URL}</arg>
<arg>${BROWSER}</arg>
<doc>Opens a new browser instance to the optional ``url``.</doc>
<status status="PASS" start="2026-01-02T03:14:36.082791" elapsed="1.523554"/>
</kw>
<kw name="Set Selenium Speed" owner="SeleniumLibrary">
<arg>${DELAY}</arg>
<doc>Sets the delay that is waited after each Selenium command.</doc>
<status status="PASS" start="2026-01-02T03:14:37.607776" elapsed="0.000564"/>
</kw>
<status status="PASS" start="2026-01-02T03:14:36.081619" elapsed="1.527143"/>
</test>
<test id="s1-t2" name="Registration Page Should Be Open" line="18">
<kw name="Location Should Be" owner="SeleniumLibrary">
<msg time="2026-01-02T03:14:37.625022" level="INFO">Current location is 'http://localhost:7272/Registration.html'.</msg>
<arg>${REGISTRATION_URL}</arg>
<doc>Verifies that the current URL is exactly ``url``.</doc>
<status status="PASS" start="2026-01-02T03:14:37.618501" elapsed="0.006744"/>
</kw>
<kw name="Title Should Be" owner="SeleniumLibrary">
<msg time="2026-01-02T03:14:37.631629" level="INFO">Page title is 'Registration'.</msg>
<arg>Registration</arg>
<doc>Verifies that the current page title equals ``title``.</doc>
<status status="PASS" start="2026-01-02T03:14:37.626456" elapsed="0.005296"/>
</kw>
<status status="PASS" start="2026-01-02T03:14:37.617434" elapsed="0.014757"/>
</test>
<test id="s1-t3" name="Empty First Name" line="22">
<kw name="Input Text" owner="SeleniumLibrary">
<msg time="2026-01-02T03:14:37.635141" level="INFO">Typing text 'Sodyod' into text field 'id=lastname'.</msg>
<arg>id=lastname</arg>
<arg>Sodyod</arg>
<doc>Types the given ``text`` into the text field identified by ``locator``.</doc>
<status status="PASS" start="2026-01-02T03:14:37.634697" elapsed="0.102717"/>
</kw>
<kw name="Input Text" owner="SeleniumLibrary">
<msg time="2026-01-02T03:14:37.738076" level="INFO">Typing text 'CS KKU' into text field 'id=organization'.</msg>
<arg>id=organization</arg>
<arg>CS KKU</arg>
<doc>Types the given ``text`` into the text field identified by ``locator``.</doc>
<status status="PASS" start="2026-01-02T03:14:37.737807" elapsed="0.068777"/>
</kw>
<kw name="Input Text" owner="SeleniumLibrary">
<msg time="2026-01-02T03:14:37.807573" level="INFO">Typing text 'somyod@kkumail.com' into text field 'id=email'.</msg>
<arg>id=email</arg>
<arg>somyod@kkumail.com</arg>
<doc>Types the given ``text`` into the text field identified by ``locator``.</doc>
<status status="PASS" start="2026-01-02T03:14:37.807120" elapsed="0.086731"/>
</kw>
<kw name="Input Text" owner="SeleniumLibrary">
<msg time="2026-01-02T03:14:37.894746" level="INFO">Typing text '091-001-1234' into text field 'id=phone'.</msg>
<arg>id=phone</arg>
<arg>091-001-1234</arg>
<doc>Types the given ``text`` into the text field identified by ``locator``.</doc>
<status status="PASS" start="2026-01-02T03:14:37.894412" elapsed="0.077515"/>
</kw>
<kw name="Click Button" owner="SeleniumLibrary">
<msg time="2026-01-02T03:14:37.972661" level="INFO">Clicking button 'Register'.</msg>
<arg>Register</arg>
<doc>Clicks the button identified by ``locator``.</doc>
<status status="PASS" start="2026-01-02T03:14:37.972364" elapsed="0.074655"/>
</kw>
<kw name="Location Should Contain" owner="SeleniumLibrary">
<msg time="2026-01-02T03:14:38.050958" level="INFO">Current location contains 'http://localhost:7272/Registration.html'.</msg>
<arg>${REGISTRATION_URL}</arg>
<doc>Verifies that the current URL contains ``expected``.</doc>
<status status="PASS" start="2026-01-02T03:14:38.047412" elapsed="0.003629"/>
</kw>
<kw name="Title Should Be" owner="SeleniumLibrary">
<msg time="2026-01-02T03:14:38.054465" level="INFO">Page title is 'Registration'.</msg>
<arg>Registration</arg>
<doc>Verifies that the current page title equals ``title``.</doc>
<status status="PASS" start="2026-01-02T03:14:38.051300" elapsed="0.003235"/>
</kw>
<kw name="Page Should Contain" owner="SeleniumLibrary">
<msg time="2026-01-02T03:14:38.066793" level="INFO">Current page contains text 'Please enter your first name!!'.</msg>
<arg>Please enter your first name!!</arg>
<doc>Verifies that current page contains ``text``.</doc>
<status status="PASS" start="2026-01-02T03:14:38.054767" elapsed="0.012138"/>
</kw>
<kw name="Close Browser" owner="SeleniumLibrary">
<doc>Closes the current browser.</doc>
<status status="PASS" start="2026-01-02T03:14:38.067242" elapsed="2.130352"/>
</kw>
<doc>Verify successful registration flow</doc>
<status status="PASS" start="2026-01-02T03:14:37.633475" elapsed="2.564746"/>
</test>
<status status="PASS" start="2026-01-02T03:14:35.803732" elapsed="4.395608"/>
</suite>
<statistics>
<total>
<stat pass="3" fail="0" skip="0">All Tests</stat>
</total>
<tag>
</tag>
<suite>
<stat name="2 EmptyFirstName" id="s1" pass="3" fail="0" skip="0">2 EmptyFirstName</stat>
</suite>
</statistics>
<errors>
</errors>
</robot>
