<?xml version="1.0" encoding="UTF-8"?>
<robot generator="Robot 7.3.2 (Python 3.13.9 on win32)" generated="2026-01-02T03:21:33.263927" rpa="false" schemaversion="5">
<suite id="s1" name="2 EmptyLastAndFirstName" source="C:\Users\saran\Documents\KKU\3-2\Software Engineering\Lab4RobotFramework\Lab4\uat02\3EmptyLastAndFirstName\No2\2_EmptyLastAndFirstName.robot">
<test id="s1-t1" name="Open Workshop Registration Page" line="14">
<kw name="Open Browser" owner="SeleniumLibrary">
<msg time="2026-01-02T03:21:33.491901" level="INFO">Opening browser 'chrome' to base url 'http://localhost:7272/Registration.html'.</msg>
<arg>${REGISTRATION_URL}</arg>
<arg>${BROWSER}</arg>
<doc>Opens a new browser instance to the optional ``url``.</doc>
<status status="PASS" start="2026-01-02T03:21:33.491591" elapsed="1.479858"/>
</kw>
<kw name="Set Selenium Speed" owner="SeleniumLibrary">
<arg>${DELAY}</arg>
<doc>Sets the delay that is waited after each Selenium command.</doc>
<status status="PASS" start="2026-01-02T03:21:34.971923" elapsed="0.000331"/>
</kw>
<status status="PASS" start="2026-01-02T03:21:33.490427" elapsed="1.482096"/>
</test>
<test id="s1-t2" name="Registration Page Should Be Open" line="18">
<kw name="Location Should Be" owner="SeleniumLibrary">
<msg time="2026-01-02T03:21:34.980820" level="INFO">Current location is 'http://localhost:7272/Registration.html'.</msg>
<arg>${REGISTRATION_URL}</arg>
<doc>Verifies that the current URL is exactly ``url``.</doc>
<status status="PASS" start="2026-01-02T03:21:34.974955" elapsed="0.005989"/>
</kw>
<kw name="Title Should Be" owner="SeleniumLibrary">
<msg time="2026-01-02T03:21:34.986888" level="INFO">Page title is 'Registration'.</msg>
<arg>Registration</arg>
<doc>Verifies that the current page title equals ``title``.</doc>
<status status="PASS" start="2026-01-02T03:21:34.981243" elapsed="0.005764"/>
</kw>
<status status="PASS" start="2026-01-02T03:21:34.974181" elapsed="0.013159"/>
</test>
<test id="s1-t3" name="Empty First Name and Last Name" line="22">
<kw name="Input Text" owner="SeleniumLibrary">
<msg time="2026-01-02T03:21:34.989208" level="INFO">Typing text 'CS KKU' into text field 'id=organization'.</msg>
<arg>id=organization</arg>
<arg>CS KKU</arg>
<doc>Types the given ``text`` into the text field identified by ``locator``.</doc>
<status status="PASS" start="2026-01-02T03:21:34.988769" elapsed="0.102370"/>
</kw>
<kw name="Input Text" owner="SeleniumLibrary">
<msg time="2026-01-02T03:21:35.092043" level="INFO">Typing text 'somyod@kkumail.com' into text field 'id=email'.</msg>
<arg>id=email</arg>
<arg>somyod@kkumail.com</arg>
<doc>Types the given ``text`` into the text field identified by ``locator``.</doc>
<status status="PASS" start="2026-01-02T03:21:35.091689" elapsed="0.083072"/>
</kw>
<kw name="Input Text" owner="SeleniumLibrary">
<msg time="2026-01-02T03:21:35.175385" level="INFO">Typing text '091-001-1234' into text field 'id=phone'.</msg>
<arg>id=phone</arg>
<arg>091-001-1234</arg>
<doc>Types the given ``text`` into the text field identified by ``locator``.</doc>
<status status="PASS" start="2026-01-02T03:21:35.175130" elapsed="0.071064"/>
</kw>
<kw name="Click Button" owner="SeleniumLibrary">
<msg time="2026-01-02T03:21:35.246870" level="INFO">Clicking button 'Register'.</msg>
<arg>Register</arg>
<doc>Clicks the button identified by ``locator``.</doc>
<status status="PASS" start="2026-01-02T03:21:35.246623" elapsed="0.068939"/>
</kw>
<kw name="Location Should Contain" owner="SeleniumLibrary">
<msg time="2026-01-02T03:21:35.319780" level="INFO">Current location contains 'http://localhost:7272/Registration.html'.</msg>
<arg>${REGISTRATION_URL}</arg>
<doc>Verifies that the current URL contains ``expected``.</doc>
<status status="PASS" start="2026-01-02T03:21:35.316022" elapsed="0.003856"/>
</kw>
<kw name="Title Should Be" owner="SeleniumLibrary">
<msg time="2026-01-02T03:21:35.323399" level="INFO">Page title is 'Registration'.</msg>
<arg>Registration</arg>
<doc>Verifies that the current page title equals ``title``.</doc>
<status status="PASS" start="2026-01-02T03:21:35.320220" elapsed="0.003260"/>
</kw>
<kw name="Page Should Contain" owner="SeleniumLibrary">
<msg time="2026-01-02T03:21:35.335057" level="INFO">Current page contains text 'Please enter your name!!'.</msg>
<arg>Please enter your name!!</arg>
<doc>Verifies that current page contains ``text``.</doc>
<status status="PASS" start="2026-01-02T03:21:35.323706" elapsed="0.011463"/>
</kw>
<kw name="Close Browser" owner="SeleniumLibrary">
<doc>Closes the current browser.</doc>
<status status="PASS" start="2026-01-02T03:21:35.335486" elapsed="2.129762"/>
</kw>
<doc>Verify successful registration flow</doc>
<status status="PASS" start="2026-01-02T03:21:34.988340" elapsed="2.477361"/>
</test>
<status status="PASS" start="2026-01-02T03:21:33.265201" elapsed="4.201964"/>
</suite>
<statistics>
<total>
<stat pass="3" fail="0" skip="0">All Tests</stat>
</total>
<tag>
</tag>
<suite>
<stat name="2 EmptyLastAndFirstName" id="s1" pass="3" fail="0" skip="0">2 EmptyLastAndFirstName</stat>
</suite>
</statistics>
<errors>
</errors>
</robot>
